<?xml version="1.0" encoding="UTF-8"?>
<!-- Generated by org.testng.reporters.JUnitReportReporter -->
<testsuite hostname="dell-PC" name="search.Google" tests="3" failures="0" timestamp="15 Feb 2017 05:36:04 GMT" time="15.003" errors="0">
  <testcase name="doSearch" time="6.027" classname="search.Google"/>
  <testcase name="doSearch" time="4.446" classname="search.Google"/>
  <testcase name="doSearch" time="4.530" classname="search.Google"/>
</testsuite> <!-- search.Google -->
