<?xml version="1.0" encoding="UTF-8"?>
<!-- Generated by org.testng.reporters.JUnitReportReporter -->
<testsuite hostname="dell-PC" name="search.Yahoo" tests="3" failures="0" timestamp="15 Feb 2017 05:36:04 GMT" time="20.688" errors="0">
  <testcase name="doSearch" time="6.564" classname="search.Yahoo"/>
  <testcase name="doSearch" time="7.132" classname="search.Yahoo"/>
  <testcase name="doSearch" time="6.992" classname="search.Yahoo"/>
</testsuite> <!-- search.Yahoo -->
