<?xml version="1.0" encoding="UTF-8"?>
<!-- Generated by org.testng.reporters.JUnitReportReporter -->
<testsuite name="grid.GridDemo" tests="1" time="1.010" ignored="0" failures="0" timestamp="07 Mar 2017 05:06:01 GMT" skipped="0" hostname="TLP06" errors="0">
  <testcase name="doSearch" time="1.010" classname="grid.GridDemo"/>
</testsuite> <!-- grid.GridDemo -->
