<?xml version="1.0" encoding="UTF-8"?>
<!-- Generated by org.testng.reporters.JUnitReportReporter -->
<testsuite hostname="dell-PC" name="YahooSearch" tests="3" failures="0" timestamp="10 Feb 2017 05:34:52 GMT" time="24.173" errors="0">
  <testcase name="doSearch1" time="8.247" classname="YahooSearch"/>
  <testcase name="doSearch2" time="8.900" classname="YahooSearch"/>
  <testcase name="doSearch3" time="7.026" classname="YahooSearch"/>
</testsuite> <!-- YahooSearch -->
