<?xml version="1.0" encoding="UTF-8"?>
<!-- Generated by org.testng.reporters.JUnitReportReporter -->
<testsuite hostname="dell-PC" name="Google" tests="4" failures="0" timestamp="9 Feb 2017 05:29:35 GMT" time="8.511" errors="0">
  <testcase name="openBrowser" time="5.884" classname="Google"/>
  <testcase name="goToTestSite" time="2.177" classname="Google"/>
  <testcase name="doSearch" time="0.427" classname="Google"/>
  <testcase name="closeBrowser" time="0.023" classname="Google"/>
</testsuite> <!-- Google -->
