<?xml version="1.0" encoding="UTF-8"?>
<!-- Generated by org.testng.reporters.JUnitReportReporter -->
<testsuite hostname="dell-PC" name="search.Class1" tests="2" failures="0" timestamp="15 Feb 2017 04:30:25 GMT" time="0.000" errors="0">
  <testcase name="test1" time="0.000" classname="search.Class1"/>
  <testcase name="test21" time="0.000" classname="search.Class1"/>
</testsuite> <!-- search.Class1 -->
