<?xml version="1.0" encoding="UTF-8"?>
<!-- Generated by org.testng.reporters.JUnitReportReporter -->
<testsuite hostname="dell-PC" name="search.Class2" tests="2" failures="0" timestamp="15 Feb 2017 04:30:25 GMT" time="0.031" errors="0">
  <testcase name="test1" time="0.016" classname="search.Class2"/>
  <testcase name="test21" time="0.015" classname="search.Class2"/>
</testsuite> <!-- search.Class2 -->
