<?xml version="1.0" encoding="UTF-8"?>
<!-- Generated by org.testng.reporters.JUnitReportReporter -->
<testsuite hostname="dell-PC" name="search.ClassA" tests="2" failures="0" timestamp="15 Feb 2017 04:53:59 GMT" time="0.015" errors="0">
  <testcase name="test1A" time="0.015" classname="search.ClassA"/>
  <testcase name="test2A" time="0.000" classname="search.ClassA"/>
</testsuite> <!-- search.ClassA -->
