<?xml version="1.0" encoding="UTF-8"?>
<!-- Generated by org.testng.reporters.JUnitReportReporter -->
<testsuite hostname="dell-PC" name="search.ClassB" tests="2" failures="0" timestamp="15 Feb 2017 04:53:59 GMT" time="0.000" errors="0">
  <testcase name="test1B" time="0.000" classname="search.ClassB"/>
  <testcase name="test2B" time="0.000" classname="search.ClassB"/>
</testsuite> <!-- search.ClassB -->
