<?xml version="1.0" encoding="UTF-8"?>
<!-- Generated by org.testng.reporters.JUnitReportReporter -->
<testsuite hostname="dell-PC" name="TestNGDemo" tests="3" failures="0" timestamp="9 Feb 2017 05:16:20 GMT" time="0.019" errors="0">
  <testcase name="method1" time="0.011" classname="TestNGDemo"/>
  <testcase name="method2" time="0.003" classname="TestNGDemo"/>
  <testcase name="method3" time="0.005" classname="TestNGDemo"/>
</testsuite> <!-- TestNGDemo -->
