<?xml version="1.0" encoding="UTF-8"?>
<!-- Generated by org.testng.reporters.JUnitReportReporter -->
<testsuite hostname="dell-PC" name="TestNGDemo2" tests="3" failures="0" timestamp="9 Feb 2017 05:23:13 GMT" time="0.020" errors="0">
  <testcase name="balTF" time="0.003" classname="TestNGDemo2"/>
  <testcase name="logout" time="0.003" classname="TestNGDemo2"/>
  <testcase name="login" time="0.014" classname="TestNGDemo2"/>
</testsuite> <!-- TestNGDemo2 -->
