<?xml version="1.0" encoding="UTF-8"?>
<!-- Generated by org.testng.reporters.JUnitReportReporter -->
<testsuite hostname="HW1678" name="testscripts.sam" tests="1" failures="0" timestamp="26 Mar 2016 03:19:24 GMT" time="4.969" errors="0">
  <testcase name="sa" time="4.969" classname="testscripts.sam"/>
</testsuite> <!-- testscripts.sam -->
