<?xml version="1.0" encoding="UTF-8"?>
<!-- Generated by org.testng.reporters.JUnitReportReporter -->
<testsuite hostname="HW1678" name="testscripts.TCLOGIN" tests="1" failures="0" timestamp="29 Mar 2016 02:40:15 GMT" time="24.682" errors="0">
  <testcase name="VerifyLoginPage" time="24.682" classname="testscripts.TCLOGIN"/>
</testsuite> <!-- testscripts.TCLOGIN -->
