<?xml version="1.0" encoding="UTF-8"?>
<!-- Generated by org.testng.reporters.JUnitReportReporter -->
<testsuite hostname="dell-PC" name="search.Yahoo" tests="3" failures="0" timestamp="15 Feb 2017 05:11:27 GMT" time="21.083" errors="0">
  <testcase name="doSearch" time="7.021" classname="search.Yahoo"/>
  <testcase name="doSearch" time="6.079" classname="search.Yahoo"/>
  <testcase name="doSearch" time="7.983" classname="search.Yahoo"/>
</testsuite> <!-- search.Yahoo -->
