<?xml version="1.0" encoding="UTF-8"?>
<!-- Generated by org.testng.reporters.JUnitReportReporter -->
<testsuite hostname="dell-PC" name="search.YahooSearch" tests="3" failures="0" timestamp="15 Feb 2017 04:48:41 GMT" time="23.930" errors="0">
  <testcase name="doSearch" time="8.002" classname="search.YahooSearch"/>
  <testcase name="doSearch" time="7.972" classname="search.YahooSearch"/>
  <testcase name="doSearch" time="7.956" classname="search.YahooSearch"/>
</testsuite> <!-- search.YahooSearch -->
