<?xml version="1.0" encoding="UTF-8"?>
<!-- Generated by org.testng.reporters.JUnitReportReporter -->
<testsuite hostname="dell-PC" name="search.Google" tests="3" failures="0" timestamp="15 Feb 2017 05:11:27 GMT" time="24.352" errors="0">
  <testcase name="doSearch" time="4.410" classname="search.Google"/>
  <testcase name="doSearch" time="4.427" classname="search.Google"/>
  <testcase name="doSearch" time="15.515" classname="search.Google"/>
</testsuite> <!-- search.Google -->
